<?xml version="1.0" encoding="UTF-8"?>
<robot generator="Robot 7.0 (Python 3.12.8 on win32)" generated="2025-01-05T21:14:36.113479" rpa="false" schemaversion="5">
<suite id="s1" name="Tests" source="D:\a\1\s\Tests">
<suite id="s1-s1" name="HomePage" source="D:\a\1\s\Tests\HomePage.robot">
<test id="s1-s1-t1" name="TC01 - Verify Page Title of Home Page" line="12">
<kw name="Launch the Magento E-Commerce HomePage" owner="HomePage_Keywords" type="SETUP">
<kw name="Launch Magento Application" owner="BaseFile">
<kw name="New Browser">
<msg time="2025-01-05T21:14:37.197485" level="FAIL">No keyword with name 'New Browser' found.</msg>
<arg>${browser}</arg>
<arg>false</arg>
<status status="FAIL" start="2025-01-05T21:14:37.197485" elapsed="0.000000">No keyword with name 'New Browser' found.</status>
</kw>
<kw name="New Context">
<status status="NOT RUN" start="2025-01-05T21:14:37.197485" elapsed="0.000000"/>
</kw>
<kw name="New Page">
<arg>${url}</arg>
<status status="NOT RUN" start="2025-01-05T21:14:37.197485" elapsed="0.000000"/>
</kw>
<arg>${BROWSER}</arg>
<arg>${APP_URL}</arg>
<doc>Launches the Magento Application into the desired browser for test execution</doc>
<status status="FAIL" start="2025-01-05T21:14:37.197485" elapsed="0.000000">No keyword with name 'New Browser' found.</status>
</kw>
<doc>Method to Launch the Magento E-Commerce Home Page</doc>
<status status="FAIL" start="2025-01-05T21:14:37.197485" elapsed="0.000000">No keyword with name 'New Browser' found.</status>
</kw>
<kw name="Close Browser" type="TEARDOWN">
<msg time="2025-01-05T21:14:37.197485" level="FAIL">No keyword with name 'Close Browser' found.</msg>
<arg>ALL</arg>
<status status="FAIL" start="2025-01-05T21:14:37.197485" elapsed="0.000000">No keyword with name 'Close Browser' found.</status>
</kw>
<doc>Test to Verify the Page Title of Magento E-Commerce Home Page</doc>
<tag>HomePage</tag>
<tag>MEC-1</tag>
<status status="FAIL" start="2025-01-05T21:14:37.197485" elapsed="0.000000">Setup failed:
No keyword with name 'New Browser' found.

Also teardown failed:
No keyword with name 'Close Browser' found.</status>
</test>
<test id="s1-s1-t2" name="TC02 - Select Brand Logo Icon on Home Page" line="18">
<kw name="Launch the Magento E-Commerce HomePage" owner="HomePage_Keywords" type="SETUP">
<kw name="Launch Magento Application" owner="BaseFile">
<kw name="New Browser">
<msg time="2025-01-05T21:14:37.197485" level="FAIL">No keyword with name 'New Browser' found.</msg>
<arg>${browser}</arg>
<arg>false</arg>
<status status="FAIL" start="2025-01-05T21:14:37.197485" elapsed="0.000000">No keyword with name 'New Browser' found.</status>
</kw>
<kw name="New Context">
<status status="NOT RUN" start="2025-01-05T21:14:37.197485" elapsed="0.000000"/>
</kw>
<kw name="New Page">
<arg>${url}</arg>
<status status="NOT RUN" start="2025-01-05T21:14:37.197485" elapsed="0.000000"/>
</kw>
<arg>${BROWSER}</arg>
<arg>${APP_URL}</arg>
<doc>Launches the Magento Application into the desired browser for test execution</doc>
<status status="FAIL" start="2025-01-05T21:14:37.197485" elapsed="0.000000">No keyword with name 'New Browser' found.</status>
</kw>
<doc>Method to Launch the Magento E-Commerce Home Page</doc>
<status status="FAIL" start="2025-01-05T21:14:37.197485" elapsed="0.000000">No keyword with name 'New Browser' found.</status>
</kw>
<kw name="Close Browser" type="TEARDOWN">
<msg time="2025-01-05T21:14:37.197485" level="FAIL">No keyword with name 'Close Browser' found.</msg>
<arg>ALL</arg>
<status status="FAIL" start="2025-01-05T21:14:37.197485" elapsed="0.000000">No keyword with name 'Close Browser' found.</status>
</kw>
<doc>Test to Verify the Page Title of Magento E-Commerce Home Page</doc>
<tag>HomePage</tag>
<tag>MEC-2</tag>
<status status="FAIL" start="2025-01-05T21:14:37.197485" elapsed="0.000000">Setup failed:
No keyword with name 'New Browser' found.

Also teardown failed:
No keyword with name 'Close Browser' found.</status>
</test>
<test id="s1-s1-t3" name="TC03 - Verify Navigation to Login Page" line="25">
<kw name="Launch the Magento E-Commerce HomePage" owner="HomePage_Keywords" type="SETUP">
<kw name="Launch Magento Application" owner="BaseFile">
<kw name="New Browser">
<msg time="2025-01-05T21:14:37.212128" level="FAIL">No keyword with name 'New Browser' found.</msg>
<arg>${browser}</arg>
<arg>false</arg>
<status status="FAIL" start="2025-01-05T21:14:37.212128" elapsed="0.000000">No keyword with name 'New Browser' found.</status>
</kw>
<kw name="New Context">
<status status="NOT RUN" start="2025-01-05T21:14:37.212128" elapsed="0.000000"/>
</kw>
<kw name="New Page">
<arg>${url}</arg>
<status status="NOT RUN" start="2025-01-05T21:14:37.212128" elapsed="0.000000"/>
</kw>
<arg>${BROWSER}</arg>
<arg>${APP_URL}</arg>
<doc>Launches the Magento Application into the desired browser for test execution</doc>
<status status="FAIL" start="2025-01-05T21:14:37.212128" elapsed="0.000000">No keyword with name 'New Browser' found.</status>
</kw>
<doc>Method to Launch the Magento E-Commerce Home Page</doc>
<status status="FAIL" start="2025-01-05T21:14:37.212128" elapsed="0.000000">No keyword with name 'New Browser' found.</status>
</kw>
<kw name="Close Browser" type="TEARDOWN">
<msg time="2025-01-05T21:14:37.212128" level="FAIL">No keyword with name 'Close Browser' found.</msg>
<arg>ALL</arg>
<status status="FAIL" start="2025-01-05T21:14:37.212128" elapsed="0.000000">No keyword with name 'Close Browser' found.</status>
</kw>
<doc>Select Sign In link on Home Page &amp; verify user navigation to Login page</doc>
<tag>HomePage</tag>
<tag>MEC-3</tag>
<status status="FAIL" start="2025-01-05T21:14:37.197485" elapsed="0.014643">Setup failed:
No keyword with name 'New Browser' found.

Also teardown failed:
No keyword with name 'Close Browser' found.</status>
</test>
<test id="s1-s1-t4" name="TC04 - Verify Navigation to 'Create an Account' Page" line="32">
<kw name="Launch the Magento E-Commerce HomePage" owner="HomePage_Keywords" type="SETUP">
<kw name="Launch Magento Application" owner="BaseFile">
<kw name="New Browser">
<msg time="2025-01-05T21:14:37.212128" level="FAIL">No keyword with name 'New Browser' found.</msg>
<arg>${browser}</arg>
<arg>false</arg>
<status status="FAIL" start="2025-01-05T21:14:37.212128" elapsed="0.000000">No keyword with name 'New Browser' found.</status>
</kw>
<kw name="New Context">
<status status="NOT RUN" start="2025-01-05T21:14:37.212128" elapsed="0.000000"/>
</kw>
<kw name="New Page">
<arg>${url}</arg>
<status status="NOT RUN" start="2025-01-05T21:14:37.212128" elapsed="0.000000"/>
</kw>
<arg>${BROWSER}</arg>
<arg>${APP_URL}</arg>
<doc>Launches the Magento Application into the desired browser for test execution</doc>
<status status="FAIL" start="2025-01-05T21:14:37.212128" elapsed="0.000000">No keyword with name 'New Browser' found.</status>
</kw>
<doc>Method to Launch the Magento E-Commerce Home Page</doc>
<status status="FAIL" start="2025-01-05T21:14:37.212128" elapsed="0.000000">No keyword with name 'New Browser' found.</status>
</kw>
<kw name="Close Browser" type="TEARDOWN">
<msg time="2025-01-05T21:14:37.212128" level="FAIL">No keyword with name 'Close Browser' found.</msg>
<arg>ALL</arg>
<status status="FAIL" start="2025-01-05T21:14:37.212128" elapsed="0.000000">No keyword with name 'Close Browser' found.</status>
</kw>
<doc>Select 'Create an Account' link on Home Page &amp; verify user navigation to 'Create an Account' page</doc>
<tag>HomePage</tag>
<tag>MEC-4</tag>
<status status="FAIL" start="2025-01-05T21:14:37.212128" elapsed="0.000000">Setup failed:
No keyword with name 'New Browser' found.

Also teardown failed:
No keyword with name 'Close Browser' found.</status>
</test>
<status status="FAIL" start="2025-01-05T21:14:36.160352" elapsed="1.051776"/>
</suite>
<status status="FAIL" start="2025-01-05T21:14:36.129103" elapsed="1.083025"/>
</suite>
<statistics>
<total>
<stat pass="0" fail="4" skip="0">All Tests</stat>
</total>
<tag>
<stat pass="0" fail="4" skip="0">HomePage</stat>
<stat pass="0" fail="1" skip="0">MEC-1</stat>
<stat pass="0" fail="1" skip="0">MEC-2</stat>
<stat pass="0" fail="1" skip="0">MEC-3</stat>
<stat pass="0" fail="1" skip="0">MEC-4</stat>
</tag>
<suite>
<stat pass="0" fail="4" skip="0" id="s1" name="Tests">Tests</stat>
<stat pass="0" fail="4" skip="0" id="s1-s1" name="HomePage">Tests.HomePage</stat>
</suite>
</statistics>
<errors>
<msg time="2025-01-05T21:14:37.118370" level="ERROR">Error in file 'D:\a\1\s\Tests\HomePage.robot' on line 2: Initializing library 'Browser' with no arguments failed: Could not find node dependencies in installation directory `C:\hostedtoolcache\windows\Python\3.12.8\x64\Lib\site-packages\Browser\wrapper.` Run `rfbrowser init` to install the dependencies.
Traceback (most recent call last):
  File "C:\hostedtoolcache\windows\Python\3.12.8\x64\Lib\site-packages\Browser\browser.py", line 873, in __init__
    self.playwright = Playwright(
                      ^^^^^^^^^^^
  File "C:\hostedtoolcache\windows\Python\3.12.8\x64\Lib\site-packages\Browser\playwright.py", line 53, in __init__
    self.ensure_node_dependencies()
  File "C:\hostedtoolcache\windows\Python\3.12.8\x64\Lib\site-packages\Browser\playwright.py", line 85, in ensure_node_dependencies
    raise RuntimeError(
RuntimeError: Could not find node dependencies in installation directory `C:\hostedtoolcache\windows\Python\3.12.8\x64\Lib\site-packages\Browser\wrapper.` Run `rfbrowser init` to install the dependencies.</msg>
<msg time="2025-01-05T21:14:37.149621" level="ERROR">Error in file 'D:\a\1\s\Keywords\HomePage_Keywords.robot' on line 2: Initializing library 'Browser' with no arguments failed: Could not find node dependencies in installation directory `C:\hostedtoolcache\windows\Python\3.12.8\x64\Lib\site-packages\Browser\wrapper.` Run `rfbrowser init` to install the dependencies.
Traceback (most recent call last):
  File "C:\hostedtoolcache\windows\Python\3.12.8\x64\Lib\site-packages\Browser\browser.py", line 873, in __init__
    self.playwright = Playwright(
                      ^^^^^^^^^^^
  File "C:\hostedtoolcache\windows\Python\3.12.8\x64\Lib\site-packages\Browser\playwright.py", line 53, in __init__
    self.ensure_node_dependencies()
  File "C:\hostedtoolcache\windows\Python\3.12.8\x64\Lib\site-packages\Browser\playwright.py", line 85, in ensure_node_dependencies
    raise RuntimeError(
RuntimeError: Could not find node dependencies in installation directory `C:\hostedtoolcache\windows\Python\3.12.8\x64\Lib\site-packages\Browser\wrapper.` Run `rfbrowser init` to install the dependencies.</msg>
<msg time="2025-01-05T21:14:37.197485" level="ERROR">Error in file 'D:\a\1\s\Keywords\BaseFile.robot' on line 2: Initializing library 'Browser' with no arguments failed: Could not find node dependencies in installation directory `C:\hostedtoolcache\windows\Python\3.12.8\x64\Lib\site-packages\Browser\wrapper.` Run `rfbrowser init` to install the dependencies.
Traceback (most recent call last):
  File "C:\hostedtoolcache\windows\Python\3.12.8\x64\Lib\site-packages\Browser\browser.py", line 873, in __init__
    self.playwright = Playwright(
                      ^^^^^^^^^^^
  File "C:\hostedtoolcache\windows\Python\3.12.8\x64\Lib\site-packages\Browser\playwright.py", line 53, in __init__
    self.ensure_node_dependencies()
  File "C:\hostedtoolcache\windows\Python\3.12.8\x64\Lib\site-packages\Browser\playwright.py", line 85, in ensure_node_dependencies
    raise RuntimeError(
RuntimeError: Could not find node dependencies in installation directory `C:\hostedtoolcache\windows\Python\3.12.8\x64\Lib\site-packages\Browser\wrapper.` Run `rfbrowser init` to install the dependencies.</msg>
</errors>
</robot>
